cl : Command line warning D9030: '/Gm' is incompatible with multiprocessing; ignoring /MP switch
  TestMain.cpp
  Test.cpp
  LighthouseInterface_wrap.cpp
  LighthouseState.pb.cc
c:\program files (x86)\microsoft visual studio\2017\community\vc\tools\msvc\14.10.24728\include\xutility(2342): warning C4996: 'std::copy::_Unchecked_iterators::_Deprecate': Call to 'std::copy' with parameters that may be unsafe - this call relies on the caller to check that the passed values are correct. To disable this warning, use -D_SCL_SECURE_NO_WARNINGS. See documentation on how to use Visual C++ 'Checked Iterators'
  c:\program files (x86)\microsoft visual studio\2017\community\vc\tools\msvc\14.10.24728\include\xutility(2342): note: see declaration of 'std::copy::_Unchecked_iterators::_Deprecate'
  d:\libraries\include\google\protobuf\repeated_field.h(1327): note: see reference to function template instantiation '_OutIt std::copy<const Element*,Element*>(_InIt,_InIt,_OutIt)' being compiled
          with
          [
              _OutIt=google::protobuf::int64 *,
              Element=google::protobuf::int64,
              _InIt=const google::protobuf::int64 *
          ]
  d:\libraries\include\google\protobuf\repeated_field.h(1326): note: while compiling class template member function 'void google::protobuf::internal::ElementCopier<Element,false>::operator ()(Element *,const Element *,int)'
          with
          [
              Element=google::protobuf::int64
          ]
  d:\libraries\include\google\protobuf\repeated_field.h(1319): note: see reference to function template instantiation 'void google::protobuf::internal::ElementCopier<Element,false>::operator ()(Element *,const Element *,int)' being compiled
          with
          [
              Element=google::protobuf::int64
          ]
  d:\libraries\include\google\protobuf\repeated_field.h(1319): note: see reference to class template instantiation 'google::protobuf::internal::ElementCopier<Element,false>' being compiled
          with
          [
              Element=google::protobuf::int64
          ]
  d:\libraries\include\google\protobuf\repeated_field.h(1318): note: while compiling class template member function 'void google::protobuf::RepeatedField<google::protobuf::int64>::CopyArray(Element *,const Element *,int)'
          with
          [
              Element=google::protobuf::int64
          ]
  d:\libraries\include\google\protobuf\repeated_field.h(1313): note: see reference to function template instantiation 'void google::protobuf::RepeatedField<google::protobuf::int64>::CopyArray(Element *,const Element *,int)' being compiled
          with
          [
              Element=google::protobuf::int64
          ]
  d:\libraries\include\google\protobuf\repeated_field.h(1312): note: while compiling class template member function 'void google::protobuf::RepeatedField<google::protobuf::int64>::MoveArray(Element *,Element *,int)'
          with
          [
              Element=google::protobuf::int64
          ]
  d:\libraries\include\google\protobuf\repeated_field.h(1294): note: see reference to function template instantiation 'void google::protobuf::RepeatedField<google::protobuf::int64>::MoveArray(Element *,Element *,int)' being compiled
          with
          [
              Element=google::protobuf::int64
          ]
  d:\libraries\include\google\protobuf\repeated_field.h(1258): note: while compiling class template member function 'void google::protobuf::RepeatedField<google::protobuf::int64>::Reserve(int)'
  d:\libraries\include\google\protobuf\repeated_field.h(1098): note: see reference to function template instantiation 'void google::protobuf::RepeatedField<google::protobuf::int64>::Reserve(int)' being compiled
  d:\libraries\include\google\protobuf\repeated_field.h(1043): note: while compiling class template member function 'int google::protobuf::RepeatedField<google::protobuf::int64>::size(void) const'
  d:\libraries\include\google\protobuf\wire_format_lite_inl.h(278): note: see reference to function template instantiation 'int google::protobuf::RepeatedField<google::protobuf::int64>::size(void) const' being compiled
  d:\libraries\include\google\protobuf\wire_format_lite_inl.h(258): note: see reference to class template instantiation 'google::protobuf::RepeatedField<google::protobuf::int64>' being compiled
  d:\libraries\include\google\protobuf\wire_format_lite_inl.h(313): note: see reference to function template instantiation 'bool google::protobuf::internal::WireFormatLite::ReadRepeatedFixedSizePrimitive<google::protobuf::int64,google::protobuf::internal::WireFormatLite::TYPE_SFIXED64>(int,google::protobuf::uint32,google::protobuf::io::CodedInputStream *,google::protobuf::RepeatedField<google::protobuf::int64> *)' being compiled
  LighthouseCodeElement.pb.cc
d:\documents\visual studio 2015\projects\lighthouseclassbrowser\lighthouse\lighthouse\protobuffiles\lighthousecodeelement.pb.cc(276): warning C4267: 'argument': conversion from 'size_t' to 'int', possible loss of data
d:\documents\visual studio 2015\projects\lighthouseclassbrowser\lighthouse\lighthouse\protobuffiles\lighthousecodeelement.pb.cc(402): warning C4267: 'argument': conversion from 'size_t' to 'int', possible loss of data
d:\documents\visual studio 2015\projects\lighthouseclassbrowser\lighthouse\lighthouse\protobuffiles\lighthousecodeelement.pb.cc(452): warning C4267: 'argument': conversion from 'size_t' to 'int', possible loss of data
c:\program files (x86)\microsoft visual studio\2017\community\vc\tools\msvc\14.10.24728\include\xutility(2342): warning C4996: 'std::copy::_Unchecked_iterators::_Deprecate': Call to 'std::copy' with parameters that may be unsafe - this call relies on the caller to check that the passed values are correct. To disable this warning, use -D_SCL_SECURE_NO_WARNINGS. See documentation on how to use Visual C++ 'Checked Iterators'
  c:\program files (x86)\microsoft visual studio\2017\community\vc\tools\msvc\14.10.24728\include\xutility(2342): note: see declaration of 'std::copy::_Unchecked_iterators::_Deprecate'
  d:\libraries\include\google\protobuf\repeated_field.h(1327): note: see reference to function template instantiation '_OutIt std::copy<const Element*,Element*>(_InIt,_InIt,_OutIt)' being compiled
          with
          [
              _OutIt=google::protobuf::int64 *,
              Element=google::protobuf::int64,
              _InIt=const google::protobuf::int64 *
          ]
  d:\libraries\include\google\protobuf\repeated_field.h(1326): note: while compiling class template member function 'void google::protobuf::internal::ElementCopier<Element,false>::operator ()(Element *,const Element *,int)'
          with
          [
              Element=google::protobuf::int64
          ]
  d:\libraries\include\google\protobuf\repeated_field.h(1319): note: see reference to function template instantiation 'void google::protobuf::internal::ElementCopier<Element,false>::operator ()(Element *,const Element *,int)' being compiled
          with
          [
              Element=google::protobuf::int64
          ]
  d:\libraries\include\google\protobuf\repeated_field.h(1319): note: see reference to class template instantiation 'google::protobuf::internal::ElementCopier<Element,false>' being compiled
          with
          [
              Element=google::protobuf::int64
          ]
  d:\libraries\include\google\protobuf\repeated_field.h(1318): note: while compiling class template member function 'void google::protobuf::RepeatedField<google::protobuf::int64>::CopyArray(Element *,const Element *,int)'
          with
          [
              Element=google::protobuf::int64
          ]
  d:\libraries\include\google\protobuf\repeated_field.h(1313): note: see reference to function template instantiation 'void google::protobuf::RepeatedField<google::protobuf::int64>::CopyArray(Element *,const Element *,int)' being compiled
          with
          [
              Element=google::protobuf::int64
          ]
  d:\libraries\include\google\protobuf\repeated_field.h(1312): note: while compiling class template member function 'void google::protobuf::RepeatedField<google::protobuf::int64>::MoveArray(Element *,Element *,int)'
          with
          [
              Element=google::protobuf::int64
          ]
  d:\libraries\include\google\protobuf\repeated_field.h(1294): note: see reference to function template instantiation 'void google::protobuf::RepeatedField<google::protobuf::int64>::MoveArray(Element *,Element *,int)' being compiled
          with
          [
              Element=google::protobuf::int64
          ]
  d:\libraries\include\google\protobuf\repeated_field.h(1258): note: while compiling class template member function 'void google::protobuf::RepeatedField<google::protobuf::int64>::Reserve(int)'
  d:\libraries\include\google\protobuf\repeated_field.h(1098): note: see reference to function template instantiation 'void google::protobuf::RepeatedField<google::protobuf::int64>::Reserve(int)' being compiled
  d:\libraries\include\google\protobuf\repeated_field.h(1043): note: while compiling class template member function 'int google::protobuf::RepeatedField<google::protobuf::int64>::size(void) const'
  d:\libraries\include\google\protobuf\wire_format_lite_inl.h(278): note: see reference to function template instantiation 'int google::protobuf::RepeatedField<google::protobuf::int64>::size(void) const' being compiled
  d:\libraries\include\google\protobuf\wire_format_lite_inl.h(258): note: see reference to class template instantiation 'google::protobuf::RepeatedField<google::protobuf::int64>' being compiled
  d:\libraries\include\google\protobuf\wire_format_lite_inl.h(313): note: see reference to function template instantiation 'bool google::protobuf::internal::WireFormatLite::ReadRepeatedFixedSizePrimitive<google::protobuf::int64,google::protobuf::internal::WireFormatLite::TYPE_SFIXED64>(int,google::protobuf::uint32,google::protobuf::io::CodedInputStream *,google::protobuf::RepeatedField<google::protobuf::int64> *)' being compiled
  LighthouseMain.cpp
  LighthouseInterface.cpp
  LighthouseDictionary.cpp
  Generating Code...
  LINK : D:\Documents\Visual Studio 2015\Projects\LighthouseClassBrowser\Lighthouse\x64\Debug\Lighthouse.dll not found or not built by the last incremental link; performing full link
     Creating library D:\Documents\Visual Studio 2015\Projects\LighthouseClassBrowser\Lighthouse\x64\Debug\Lighthouse.lib and object D:\Documents\Visual Studio 2015\Projects\LighthouseClassBrowser\Lighthouse\x64\Debug\Lighthouse.exp
  Lighthouse.vcxproj -> D:\Documents\Visual Studio 2015\Projects\LighthouseClassBrowser\Lighthouse\x64\Debug\Lighthouse.dll
  Lighthouse.vcxproj -> D:\Documents\Visual Studio 2015\Projects\LighthouseClassBrowser\Lighthouse\x64\Debug\Lighthouse.pdb (Partial PDB)
